2025-03-05 12:06:07,437 - root - INFO - Открытие страницы https://otello.ru/hotels/moskva
2025-03-05 12:06:23,123 - root - INFO - Баннер закрыт.
2025-03-05 12:06:25,428 - root - INFO - Окно активировано
2025-03-05 12:06:25,428 - root - INFO - Начинаем первичный скроллинг страницы...
2025-03-05 12:06:40,479 - root - INFO - Первичный скроллинг завершен.
2025-03-05 12:06:45,853 - root - ERROR - Ошибка при нажатии кнопки 'Показать все': Message: 

2025-03-05 12:06:51,173 - root - INFO - Окно активировано
2025-03-05 12:06:51,173 - root - INFO - Начинаем сбор ссылок: 
2025-03-05 12:11:51,302 - root - INFO - Собрано 0 ссылок на отели.
2025-03-05 12:11:51,460 - root - INFO - HTML-код сохранен
2025-03-05 12:11:53,984 - root - INFO - Веб-драйвер закрыт
2025-03-05 12:19:56,309 - root - INFO - Открытие страницы https://otello.ru/hotels/moskva
2025-03-05 12:20:05,787 - root - INFO - Баннер закрыт.
2025-03-05 12:20:12,168 - root - INFO - Окно активировано
2025-03-05 12:20:12,168 - root - INFO - Начинаем первичный скроллинг страницы...
2025-03-05 12:20:28,797 - root - INFO - Первичный скроллинг завершен.
2025-03-05 12:20:34,158 - root - ERROR - Ошибка при нажатии кнопки 'Показать все': Message: 

2025-03-05 12:20:39,458 - root - INFO - Окно активировано
2025-03-05 12:20:39,458 - root - INFO - Начинаем сбор ссылок: 
2025-03-05 12:20:59,122 - root - INFO - Веб-драйвер закрыт
2025-03-05 12:22:23,883 - root - INFO - Открытие страницы https://otello.ru/hotels/moskva
2025-03-05 12:22:32,693 - root - INFO - Баннер закрыт.
2025-03-05 12:22:39,097 - root - INFO - Окно активировано
2025-03-05 12:22:39,097 - root - INFO - Начинаем первичный скроллинг страницы...
2025-03-05 12:23:10,083 - root - INFO - Первичный скроллинг завершен.
2025-03-05 12:23:10,300 - root - INFO - Кнопка 'Показать все' нажата.
2025-03-05 12:23:15,618 - root - INFO - Окно активировано
2025-03-05 12:23:15,618 - root - INFO - Начинаем сбор ссылок: 
2025-03-05 12:23:17,796 - root - INFO - Собрана ссылка: https://otello.ru/hotel/4504127908892620?checkin=2025-03-13&checkout=2025-03-14&adults=2
2025-03-05 12:23:17,818 - root - INFO - Собрана ссылка: https://otello.ru/hotel/70000001006921536?checkin=2025-03-13&checkout=2025-03-14&adults=2
2025-03-05 12:23:17,832 - root - INFO - Собрана ссылка: https://otello.ru/hotel/4504127908391078?checkin=2025-03-13&checkout=2025-03-14&adults=2
2025-03-05 12:23:17,844 - root - INFO - Собрана ссылка: https://otello.ru/hotel/4504127908369718?checkin=2025-03-13&checkout=2025-03-14&adults=2
2025-03-05 12:23:17,859 - root - INFO - Собрана ссылка: https://otello.ru/hotel/70000001088806149?checkin=2025-03-13&checkout=2025-03-14&adults=2
2025-03-05 12:23:17,873 - root - INFO - Собрана ссылка: https://otello.ru/hotel/70000001026839767?checkin=2025-03-13&checkout=2025-03-14&adults=2
2025-03-05 12:23:17,890 - root - INFO - Собрана ссылка: https://otello.ru/hotel/4504127908670321?checkin=2025-03-13&checkout=2025-03-14&adults=2
2025-03-05 12:23:31,233 - root - INFO - Веб-драйвер закрыт
2025-03-05 12:23:41,758 - root - INFO - Открытие страницы https://otello.ru/hotels/moskva
2025-03-05 12:23:50,306 - root - INFO - Баннер закрыт.
2025-03-05 12:23:52,986 - root - INFO - Окно активировано
2025-03-05 12:23:52,986 - root - INFO - Начинаем первичный скроллинг страницы...
2025-03-05 12:24:24,392 - root - INFO - Первичный скроллинг завершен.
2025-03-05 12:24:24,794 - root - INFO - Кнопка 'Показать все' нажата.
2025-03-05 12:24:30,141 - root - INFO - Окно активировано
2025-03-05 12:24:30,142 - root - INFO - Начинаем сбор ссылок: 
2025-03-05 12:24:36,375 - root - INFO - Собрана ссылка: https://otello.ru/hotel/4504127908892620?checkin=2025-03-13&checkout=2025-03-14&adults=2
2025-03-05 12:24:36,402 - root - INFO - Собрана ссылка: https://otello.ru/hotel/70000001006921536?checkin=2025-03-13&checkout=2025-03-14&adults=2
2025-03-05 12:24:36,416 - root - INFO - Собрана ссылка: https://otello.ru/hotel/4504127908391078?checkin=2025-03-13&checkout=2025-03-14&adults=2
2025-03-05 12:24:36,429 - root - INFO - Собрана ссылка: https://otello.ru/hotel/4504127908369718?checkin=2025-03-13&checkout=2025-03-14&adults=2
2025-03-05 12:24:36,465 - root - INFO - Собрана ссылка: https://otello.ru/hotel/70000001088806149?checkin=2025-03-13&checkout=2025-03-14&adults=2
2025-03-05 12:24:36,490 - root - INFO - Собрана ссылка: https://otello.ru/hotel/70000001026839767?checkin=2025-03-13&checkout=2025-03-14&adults=2
2025-03-05 12:24:36,503 - root - INFO - Собрана ссылка: https://otello.ru/hotel/4504127908670321?checkin=2025-03-13&checkout=2025-03-14&adults=2
2025-03-05 12:24:36,514 - root - INFO - Собрана ссылка: https://otello.ru/hotel/70000001030429842?checkin=2025-03-13&checkout=2025-03-14&adults=2
2025-03-05 12:24:36,529 - root - INFO - Собрана ссылка: https://otello.ru/hotel/4504127908370074?checkin=2025-03-13&checkout=2025-03-14&adults=2
2025-03-05 12:24:36,540 - root - INFO - Собрана ссылка: https://otello.ru/hotel/4504127908381626?checkin=2025-03-13&checkout=2025-03-14&adults=2
2025-03-05 12:29:16,145 - root - INFO - Веб-драйвер закрыт
2025-03-05 12:29:35,133 - root - INFO - Открытие страницы https://otello.ru/hotels/moskva
2025-03-05 12:29:48,642 - root - ERROR - Ошибка при закрытии баннера: Message: 
Stacktrace:
	GetHandleVerifier [0x00007FF70C1DC6A5+28789]
	(No symbol) [0x00007FF70C145B20]
	(No symbol) [0x00007FF70BFD8F9A]
	(No symbol) [0x00007FF70C02F346]
	(No symbol) [0x00007FF70C02F57C]
	(No symbol) [0x00007FF70C082B17]
	(No symbol) [0x00007FF70C05736F]
	(No symbol) [0x00007FF70C07F7E3]
	(No symbol) [0x00007FF70C057103]
	(No symbol) [0x00007FF70C01FFC0]
	(No symbol) [0x00007FF70C021273]
	GetHandleVerifier [0x00007FF70C521AED+3458237]
	GetHandleVerifier [0x00007FF70C53829C+3550316]
	GetHandleVerifier [0x00007FF70C52DB9D+3507565]
	GetHandleVerifier [0x00007FF70C2A2C6A+841274]
	(No symbol) [0x00007FF70C1509EF]
	(No symbol) [0x00007FF70C14CB34]
	(No symbol) [0x00007FF70C14CCD6]
	(No symbol) [0x00007FF70C13C119]
	BaseThreadInitThunk [0x00007FFCF9CF7374+20]
	RtlUserThreadStart [0x00007FFCFB55CC91+33]

2025-03-05 12:29:50,948 - root - INFO - Окно активировано
2025-03-05 12:29:50,948 - root - INFO - Начинаем первичный скроллинг страницы...
2025-03-05 12:30:22,029 - root - INFO - Первичный скроллинг завершен.
2025-03-05 12:30:22,279 - root - INFO - Кнопка 'Показать все' нажата.
2025-03-05 12:30:27,586 - root - INFO - Окно активировано
2025-03-05 12:30:27,586 - root - INFO - Начинаем сбор ссылок: 
2025-03-05 12:30:29,703 - root - INFO - Собрана ссылка: https://otello.ru/hotel/4504127908892620?checkin=2025-03-13&checkout=2025-03-14&adults=2
2025-03-05 12:30:29,719 - root - INFO - Собрана ссылка: https://otello.ru/hotel/70000001006921536?checkin=2025-03-13&checkout=2025-03-14&adults=2
2025-03-05 12:30:29,732 - root - INFO - Собрана ссылка: https://otello.ru/hotel/4504127908391078?checkin=2025-03-13&checkout=2025-03-14&adults=2
2025-03-05 12:30:29,742 - root - INFO - Собрана ссылка: https://otello.ru/hotel/4504127908369718?checkin=2025-03-13&checkout=2025-03-14&adults=2
2025-03-05 12:30:29,756 - root - INFO - Собрана ссылка: https://otello.ru/hotel/70000001088806149?checkin=2025-03-13&checkout=2025-03-14&adults=2
2025-03-05 12:30:29,769 - root - INFO - Собрана ссылка: https://otello.ru/hotel/70000001026839767?checkin=2025-03-13&checkout=2025-03-14&adults=2
2025-03-05 12:30:29,784 - root - INFO - Собрана ссылка: https://otello.ru/hotel/4504127908670321?checkin=2025-03-13&checkout=2025-03-14&adults=2
2025-03-05 12:30:29,796 - root - INFO - Собрана ссылка: https://otello.ru/hotel/70000001030429842?checkin=2025-03-13&checkout=2025-03-14&adults=2
2025-03-05 12:30:29,806 - root - INFO - Собрана ссылка: https://otello.ru/hotel/4504127908370074?checkin=2025-03-13&checkout=2025-03-14&adults=2
2025-03-05 12:30:29,819 - root - INFO - Собрана ссылка: https://otello.ru/hotel/4504127908381626?checkin=2025-03-13&checkout=2025-03-14&adults=2
2025-03-05 12:30:45,358 - root - INFO - Собрана ссылка: https://otello.ru/hotel/70000001050202311?checkin=2025-03-13&checkout=2025-03-14&adults=2
2025-03-05 12:30:45,370 - root - INFO - Собрана ссылка: https://otello.ru/hotel/4504127908370115?checkin=2025-03-13&checkout=2025-03-14&adults=2
2025-03-05 12:30:45,378 - root - INFO - Собрана ссылка: https://otello.ru/hotel/70000001031674883?checkin=2025-03-13&checkout=2025-03-14&adults=2
2025-03-05 12:30:45,391 - root - INFO - Собрана ссылка: https://otello.ru/hotel/70000001035613298?checkin=2025-03-13&checkout=2025-03-14&adults=2
2025-03-05 12:30:45,403 - root - INFO - Собрана ссылка: https://otello.ru/hotel/70000001083276294?checkin=2025-03-13&checkout=2025-03-14&adults=2
2025-03-05 12:30:45,413 - root - INFO - Собрана ссылка: https://otello.ru/hotel/70000001092883057?checkin=2025-03-13&checkout=2025-03-14&adults=2
2025-03-05 12:30:45,427 - root - INFO - Собрана ссылка: https://otello.ru/hotel/4504127908386113?checkin=2025-03-13&checkout=2025-03-14&adults=2
2025-03-05 12:30:45,438 - root - INFO - Собрана ссылка: https://otello.ru/hotel/4504127908366865?checkin=2025-03-13&checkout=2025-03-14&adults=2
2025-03-05 12:30:45,447 - root - INFO - Собрана ссылка: https://otello.ru/hotel/4504127916068936?checkin=2025-03-13&checkout=2025-03-14&adults=2
2025-03-05 12:30:45,459 - root - INFO - Собрана ссылка: https://otello.ru/hotel/4504127908384638?checkin=2025-03-13&checkout=2025-03-14&adults=2
2025-03-05 12:30:59,468 - root - INFO - Собрана ссылка: https://otello.ru/hotel/70000001043760065?checkin=2025-03-13&checkout=2025-03-14&adults=2
2025-03-05 12:30:59,487 - root - INFO - Собрана ссылка: https://otello.ru/hotel/4504127908349047?checkin=2025-03-13&checkout=2025-03-14&adults=2
2025-03-05 12:30:59,501 - root - INFO - Собрана ссылка: https://otello.ru/hotel/4504127908825059?checkin=2025-03-13&checkout=2025-03-14&adults=2
2025-03-05 12:30:59,519 - root - INFO - Собрана ссылка: https://otello.ru/hotel/4504127908393745?checkin=2025-03-13&checkout=2025-03-14&adults=2
2025-03-05 12:30:59,534 - root - INFO - Собрана ссылка: https://otello.ru/hotel/4504128908954403?checkin=2025-03-13&checkout=2025-03-14&adults=2
2025-03-05 12:30:59,549 - root - INFO - Собрана ссылка: https://otello.ru/hotel/4504127908367336?checkin=2025-03-13&checkout=2025-03-14&adults=2
2025-03-05 12:30:59,564 - root - INFO - Собрана ссылка: https://otello.ru/hotel/70000001029699866?checkin=2025-03-13&checkout=2025-03-14&adults=2
2025-03-05 12:30:59,577 - root - INFO - Собрана ссылка: https://otello.ru/hotel/70000001035496190?checkin=2025-03-13&checkout=2025-03-14&adults=2
2025-03-05 12:30:59,588 - root - INFO - Собрана ссылка: https://otello.ru/hotel/70000001046692395?checkin=2025-03-13&checkout=2025-03-14&adults=2
2025-03-05 12:30:59,600 - root - INFO - Собрана ссылка: https://otello.ru/hotel/70000001032491025?checkin=2025-03-13&checkout=2025-03-14&adults=2
2025-03-05 12:31:14,701 - root - INFO - Собрана ссылка: https://otello.ru/hotel/70000001028361769?checkin=2025-03-13&checkout=2025-03-14&adults=2
2025-03-05 12:31:14,712 - root - INFO - Собрана ссылка: https://otello.ru/hotel/4504127908367342?checkin=2025-03-13&checkout=2025-03-14&adults=2
2025-03-05 12:31:14,722 - root - INFO - Собрана ссылка: https://otello.ru/hotel/70000001045795034?checkin=2025-03-13&checkout=2025-03-14&adults=2
2025-03-05 12:31:14,735 - root - INFO - Собрана ссылка: https://otello.ru/hotel/70000001057729636?checkin=2025-03-13&checkout=2025-03-14&adults=2
2025-03-05 12:31:14,745 - root - INFO - Собрана ссылка: https://otello.ru/hotel/4504127908366838?checkin=2025-03-13&checkout=2025-03-14&adults=2
2025-03-05 12:31:14,755 - root - INFO - Собрана ссылка: https://otello.ru/hotel/4504127908393848?checkin=2025-03-13&checkout=2025-03-14&adults=2
2025-03-05 12:31:14,766 - root - INFO - Собрана ссылка: https://otello.ru/hotel/70000001019177776?checkin=2025-03-13&checkout=2025-03-14&adults=2
2025-03-05 12:31:14,778 - root - INFO - Собрана ссылка: https://otello.ru/hotel/4504127908372429?checkin=2025-03-13&checkout=2025-03-14&adults=2
2025-03-05 12:31:14,787 - root - INFO - Собрана ссылка: https://otello.ru/hotel/70000001019724543?checkin=2025-03-13&checkout=2025-03-14&adults=2
2025-03-05 12:31:14,797 - root - INFO - Собрана ссылка: https://otello.ru/hotel/70000001030048533?checkin=2025-03-13&checkout=2025-03-14&adults=2
2025-03-05 12:31:30,359 - root - INFO - Собрана ссылка: https://otello.ru/hotel/4504127918263819?checkin=2025-03-13&checkout=2025-03-14&adults=2
2025-03-05 12:31:30,371 - root - INFO - Собрана ссылка: https://otello.ru/hotel/70000001048033562?checkin=2025-03-13&checkout=2025-03-14&adults=2
2025-03-05 12:31:30,383 - root - INFO - Собрана ссылка: https://otello.ru/hotel/70000001084444717?checkin=2025-03-13&checkout=2025-03-14&adults=2
2025-03-05 12:31:30,392 - root - INFO - Собрана ссылка: https://otello.ru/hotel/70000001063005680?checkin=2025-03-13&checkout=2025-03-14&adults=2
2025-03-05 12:31:30,405 - root - INFO - Собрана ссылка: https://otello.ru/hotel/70000001054967728?checkin=2025-03-13&checkout=2025-03-14&adults=2
2025-03-05 12:31:30,416 - root - INFO - Собрана ссылка: https://otello.ru/hotel/70000001043985143?checkin=2025-03-13&checkout=2025-03-14&adults=2
2025-03-05 12:31:30,425 - root - INFO - Собрана ссылка: https://otello.ru/hotel/70000001033435399?checkin=2025-03-13&checkout=2025-03-14&adults=2
2025-03-05 12:31:30,438 - root - INFO - Собрана ссылка: https://otello.ru/hotel/70000001027618961?checkin=2025-03-13&checkout=2025-03-14&adults=2
2025-03-05 12:31:30,449 - root - INFO - Собрана ссылка: https://otello.ru/hotel/4504127908369959?checkin=2025-03-13&checkout=2025-03-14&adults=2
2025-03-05 12:31:30,460 - root - INFO - Собрана ссылка: https://otello.ru/hotel/70000001071528529?checkin=2025-03-13&checkout=2025-03-14&adults=2
2025-03-05 12:31:46,528 - root - INFO - Собрана ссылка: https://otello.ru/hotel/70000001029175313?checkin=2025-03-13&checkout=2025-03-14&adults=2
2025-03-05 12:31:46,542 - root - INFO - Собрана ссылка: https://otello.ru/hotel/70000001035141613?checkin=2025-03-13&checkout=2025-03-14&adults=2
2025-03-05 12:31:46,553 - root - INFO - Собрана ссылка: https://otello.ru/hotel/4504127908388639?checkin=2025-03-13&checkout=2025-03-14&adults=2
2025-03-05 12:31:46,562 - root - INFO - Собрана ссылка: https://otello.ru/hotel/70000001030585700?checkin=2025-03-13&checkout=2025-03-14&adults=2
2025-03-05 12:31:46,574 - root - INFO - Собрана ссылка: https://otello.ru/hotel/70000001018578039?checkin=2025-03-13&checkout=2025-03-14&adults=2
2025-03-05 12:31:46,591 - root - INFO - Собрана ссылка: https://otello.ru/hotel/70000001023086398?checkin=2025-03-13&checkout=2025-03-14&adults=2
2025-03-05 12:31:46,607 - root - INFO - Собрана ссылка: https://otello.ru/hotel/70000001033176784?checkin=2025-03-13&checkout=2025-03-14&adults=2
2025-03-05 12:31:46,622 - root - INFO - Собрана ссылка: https://otello.ru/hotel/4504127919312146?checkin=2025-03-13&checkout=2025-03-14&adults=2
2025-03-05 12:31:46,632 - root - INFO - Собрана ссылка: https://otello.ru/hotel/70000001007305586?checkin=2025-03-13&checkout=2025-03-14&adults=2
2025-03-05 12:31:46,645 - root - INFO - Собрана ссылка: https://otello.ru/hotel/4504127918679426?checkin=2025-03-13&checkout=2025-03-14&adults=2
2025-03-05 12:32:03,688 - root - INFO - Собрана ссылка: https://otello.ru/hotel/4504128908695613?checkin=2025-03-13&checkout=2025-03-14&adults=2
2025-03-05 12:32:03,697 - root - INFO - Собрана ссылка: https://otello.ru/hotel/70000001030263634?checkin=2025-03-13&checkout=2025-03-14&adults=2
2025-03-05 12:32:03,707 - root - INFO - Собрана ссылка: https://otello.ru/hotel/70000001034762344?checkin=2025-03-13&checkout=2025-03-14&adults=2
2025-03-05 12:32:03,715 - root - INFO - Собрана ссылка: https://otello.ru/hotel/70000001050297308?checkin=2025-03-13&checkout=2025-03-14&adults=2
2025-03-05 12:32:03,726 - root - INFO - Собрана ссылка: https://otello.ru/hotel/70000001054601952?checkin=2025-03-13&checkout=2025-03-14&adults=2
2025-03-05 12:32:03,738 - root - INFO - Собрана ссылка: https://otello.ru/hotel/70000001064255832?checkin=2025-03-13&checkout=2025-03-14&adults=2
2025-03-05 12:32:03,746 - root - INFO - Собрана ссылка: https://otello.ru/hotel/70000001081182600?checkin=2025-03-13&checkout=2025-03-14&adults=2
2025-03-05 12:32:03,756 - root - INFO - Собрана ссылка: https://otello.ru/hotel/4504127908372796?checkin=2025-03-13&checkout=2025-03-14&adults=2
2025-03-05 12:32:03,764 - root - INFO - Собрана ссылка: https://otello.ru/hotel/70000001079192807?checkin=2025-03-13&checkout=2025-03-14&adults=2
2025-03-05 12:32:03,775 - root - INFO - Собрана ссылка: https://otello.ru/hotel/4504127915389672?checkin=2025-03-13&checkout=2025-03-14&adults=2
2025-03-05 12:32:21,532 - root - INFO - Собрана ссылка: https://otello.ru/hotel/4504128908479201?checkin=2025-03-13&checkout=2025-03-14&adults=2
2025-03-05 12:32:21,546 - root - INFO - Собрана ссылка: https://otello.ru/hotel/70000001063475059?checkin=2025-03-13&checkout=2025-03-14&adults=2
2025-03-05 12:32:21,559 - root - INFO - Собрана ссылка: https://otello.ru/hotel/70000001061554544?checkin=2025-03-13&checkout=2025-03-14&adults=2
2025-03-05 12:32:21,568 - root - INFO - Собрана ссылка: https://otello.ru/hotel/70000001090349692?checkin=2025-03-13&checkout=2025-03-14&adults=2
2025-03-05 12:32:21,580 - root - INFO - Собрана ссылка: https://otello.ru/hotel/70000001037011337?checkin=2025-03-13&checkout=2025-03-14&adults=2
2025-03-05 12:32:21,596 - root - INFO - Собрана ссылка: https://otello.ru/hotel/70000001067802306?checkin=2025-03-13&checkout=2025-03-14&adults=2
2025-03-05 12:32:21,610 - root - INFO - Собрана ссылка: https://otello.ru/hotel/4504127908670154?checkin=2025-03-13&checkout=2025-03-14&adults=2
2025-03-05 12:32:21,620 - root - INFO - Собрана ссылка: https://otello.ru/hotel/70000001086779505?checkin=2025-03-13&checkout=2025-03-14&adults=2
2025-03-05 12:32:21,633 - root - INFO - Собрана ссылка: https://otello.ru/hotel/70000001019412637?checkin=2025-03-13&checkout=2025-03-14&adults=2
2025-03-05 12:32:21,650 - root - INFO - Собрана ссылка: https://otello.ru/hotel/70000001019412897?checkin=2025-03-13&checkout=2025-03-14&adults=2
2025-03-05 12:32:40,411 - root - INFO - Собрана ссылка: https://otello.ru/hotel/70000001064993048?checkin=2025-03-13&checkout=2025-03-14&adults=2
2025-03-05 12:32:40,424 - root - INFO - Собрана ссылка: https://otello.ru/hotel/70000001064206823?checkin=2025-03-13&checkout=2025-03-14&adults=2
2025-03-05 12:32:40,434 - root - INFO - Собрана ссылка: https://otello.ru/hotel/70000001043757824?checkin=2025-03-13&checkout=2025-03-14&adults=2
2025-03-05 12:32:40,449 - root - INFO - Собрана ссылка: https://otello.ru/hotel/70000001060530251?checkin=2025-03-13&checkout=2025-03-14&adults=2
2025-03-05 12:32:40,463 - root - INFO - Собрана ссылка: https://otello.ru/hotel/70000001094530342?checkin=2025-03-13&checkout=2025-03-14&adults=2
2025-03-05 12:32:40,476 - root - INFO - Собрана ссылка: https://otello.ru/hotel/70000001039096919?checkin=2025-03-13&checkout=2025-03-14&adults=2
2025-03-05 12:32:40,486 - root - INFO - Собрана ссылка: https://otello.ru/hotel/70000001074896494?checkin=2025-03-13&checkout=2025-03-14&adults=2
2025-03-05 12:32:40,499 - root - INFO - Собрана ссылка: https://otello.ru/hotel/4504127909206368?checkin=2025-03-13&checkout=2025-03-14&adults=2
2025-03-05 12:32:40,510 - root - INFO - Собрана ссылка: https://otello.ru/hotel/70000001082456144?checkin=2025-03-13&checkout=2025-03-14&adults=2
2025-03-05 12:32:40,520 - root - INFO - Собрана ссылка: https://otello.ru/hotel/70000001022944548?checkin=2025-03-13&checkout=2025-03-14&adults=2
2025-03-05 12:32:59,910 - root - INFO - Собрана ссылка: https://otello.ru/hotel/70000001075949237?checkin=2025-03-13&checkout=2025-03-14&adults=2
2025-03-05 12:32:59,918 - root - INFO - Собрана ссылка: https://otello.ru/hotel/70000001033892721?checkin=2025-03-13&checkout=2025-03-14&adults=2
2025-03-05 12:32:59,930 - root - INFO - Собрана ссылка: https://otello.ru/hotel/70000001069934190?checkin=2025-03-13&checkout=2025-03-14&adults=2
2025-03-05 12:32:59,941 - root - INFO - Собрана ссылка: https://otello.ru/hotel/70000001035616250?checkin=2025-03-13&checkout=2025-03-14&adults=2
2025-03-05 12:32:59,951 - root - INFO - Собрана ссылка: https://otello.ru/hotel/4504127908391137?checkin=2025-03-13&checkout=2025-03-14&adults=2
2025-03-05 12:32:59,964 - root - INFO - Собрана ссылка: https://otello.ru/hotel/4504127908367059?checkin=2025-03-13&checkout=2025-03-14&adults=2
2025-03-05 12:32:59,976 - root - INFO - Собрана ссылка: https://otello.ru/hotel/4504127909068998?checkin=2025-03-13&checkout=2025-03-14&adults=2
2025-03-05 12:32:59,985 - root - INFO - Собрана ссылка: https://otello.ru/hotel/70000001044588511?checkin=2025-03-13&checkout=2025-03-14&adults=2
2025-03-05 12:32:59,997 - root - INFO - Собрана ссылка: https://otello.ru/hotel/70000001049569586?checkin=2025-03-13&checkout=2025-03-14&adults=2
2025-03-05 12:33:00,009 - root - INFO - Собрана ссылка: https://otello.ru/hotel/4504127908373187?checkin=2025-03-13&checkout=2025-03-14&adults=2
2025-03-05 12:33:20,087 - root - INFO - Собрана ссылка: https://otello.ru/hotel/70000001087486763?checkin=2025-03-13&checkout=2025-03-14&adults=2
2025-03-05 12:33:20,099 - root - INFO - Собрана ссылка: https://otello.ru/hotel/70000001048620890?checkin=2025-03-13&checkout=2025-03-14&adults=2
2025-03-05 12:33:20,110 - root - INFO - Собрана ссылка: https://otello.ru/hotel/4504128908734797?checkin=2025-03-13&checkout=2025-03-14&adults=2
2025-03-05 12:33:20,119 - root - INFO - Собрана ссылка: https://otello.ru/hotel/4504128908463200?checkin=2025-03-13&checkout=2025-03-14&adults=2
2025-03-05 12:33:20,132 - root - INFO - Собрана ссылка: https://otello.ru/hotel/70000001082062730?checkin=2025-03-13&checkout=2025-03-14&adults=2
2025-03-05 12:33:20,145 - root - INFO - Собрана ссылка: https://otello.ru/hotel/70000001081068078?checkin=2025-03-13&checkout=2025-03-14&adults=2
2025-03-05 12:33:20,154 - root - INFO - Собрана ссылка: https://otello.ru/hotel/4504127908381434?checkin=2025-03-13&checkout=2025-03-14&adults=2
2025-03-05 12:33:20,166 - root - INFO - Собрана ссылка: https://otello.ru/hotel/70000001024604387?checkin=2025-03-13&checkout=2025-03-14&adults=2
2025-03-05 12:33:20,177 - root - INFO - Собрана ссылка: https://otello.ru/hotel/4504127911286820?checkin=2025-03-13&checkout=2025-03-14&adults=2
2025-03-05 12:33:20,186 - root - INFO - Собрана ссылка: https://otello.ru/hotel/4504127908892809?checkin=2025-03-13&checkout=2025-03-14&adults=2
2025-03-05 12:33:41,436 - root - INFO - Собрана ссылка: https://otello.ru/hotel/70000001060623406?checkin=2025-03-13&checkout=2025-03-14&adults=2
2025-03-05 12:33:41,450 - root - INFO - Собрана ссылка: https://otello.ru/hotel/70000001006177562?checkin=2025-03-13&checkout=2025-03-14&adults=2
2025-03-05 12:33:41,463 - root - INFO - Собрана ссылка: https://otello.ru/hotel/70000001066325436?checkin=2025-03-13&checkout=2025-03-14&adults=2
2025-03-05 12:33:41,478 - root - INFO - Собрана ссылка: https://otello.ru/hotel/70000001065959386?checkin=2025-03-13&checkout=2025-03-14&adults=2
2025-03-05 12:33:41,486 - root - INFO - Собрана ссылка: https://otello.ru/hotel/70000001031751192?checkin=2025-03-13&checkout=2025-03-14&adults=2
2025-03-05 12:33:41,499 - root - INFO - Собрана ссылка: https://otello.ru/hotel/4504127908496432?checkin=2025-03-13&checkout=2025-03-14&adults=2
2025-03-05 12:33:41,509 - root - INFO - Собрана ссылка: https://otello.ru/hotel/70000001006924847?checkin=2025-03-13&checkout=2025-03-14&adults=2
2025-03-05 12:33:41,519 - root - INFO - Собрана ссылка: https://otello.ru/hotel/70000001088904496?checkin=2025-03-13&checkout=2025-03-14&adults=2
2025-03-05 12:33:41,531 - root - INFO - Собрана ссылка: https://otello.ru/hotel/70000001082624736?checkin=2025-03-13&checkout=2025-03-14&adults=2
2025-03-05 12:33:41,544 - root - INFO - Собрана ссылка: https://otello.ru/hotel/4504127908389320?checkin=2025-03-13&checkout=2025-03-14&adults=2
2025-03-05 12:34:03,450 - root - INFO - Собрана ссылка: https://otello.ru/hotel/4504127908376640?checkin=2025-03-13&checkout=2025-03-14&adults=2
2025-03-05 12:34:03,462 - root - INFO - Собрана ссылка: https://otello.ru/hotel/4504127911179848?checkin=2025-03-13&checkout=2025-03-14&adults=2
2025-03-05 12:34:03,474 - root - INFO - Собрана ссылка: https://otello.ru/hotel/70000001044921597?checkin=2025-03-13&checkout=2025-03-14&adults=2
2025-03-05 12:34:03,483 - root - INFO - Собрана ссылка: https://otello.ru/hotel/70000001032290240?checkin=2025-03-13&checkout=2025-03-14&adults=2
2025-03-05 12:34:03,497 - root - INFO - Собрана ссылка: https://otello.ru/hotel/70000001021834036?checkin=2025-03-13&checkout=2025-03-14&adults=2
2025-03-05 12:34:03,510 - root - INFO - Собрана ссылка: https://otello.ru/hotel/4504127908404497?checkin=2025-03-13&checkout=2025-03-14&adults=2
2025-03-05 12:34:03,518 - root - INFO - Собрана ссылка: https://otello.ru/hotel/4504127908892843?checkin=2025-03-13&checkout=2025-03-14&adults=2
2025-03-05 12:34:03,531 - root - INFO - Собрана ссылка: https://otello.ru/hotel/4504127919733115?checkin=2025-03-13&checkout=2025-03-14&adults=2
2025-03-05 12:34:03,542 - root - INFO - Собрана ссылка: https://otello.ru/hotel/70000001038014352?checkin=2025-03-13&checkout=2025-03-14&adults=2
2025-03-05 12:34:03,549 - root - INFO - Собрана ссылка: https://otello.ru/hotel/4504127913063911?checkin=2025-03-13&checkout=2025-03-14&adults=2
2025-03-05 12:34:26,271 - root - INFO - Собрана ссылка: https://otello.ru/hotel/70000001083427166?checkin=2025-03-13&checkout=2025-03-14&adults=2
2025-03-05 12:34:26,281 - root - INFO - Собрана ссылка: https://otello.ru/hotel/70000001019835782?checkin=2025-03-13&checkout=2025-03-14&adults=2
2025-03-05 12:34:26,296 - root - INFO - Собрана ссылка: https://otello.ru/hotel/70000001047083266?checkin=2025-03-13&checkout=2025-03-14&adults=2
2025-03-05 12:34:26,309 - root - INFO - Собрана ссылка: https://otello.ru/hotel/70000001076219930?checkin=2025-03-13&checkout=2025-03-14&adults=2
2025-03-05 12:34:26,322 - root - INFO - Собрана ссылка: https://otello.ru/hotel/70000001052082698?checkin=2025-03-13&checkout=2025-03-14&adults=2
2025-03-05 12:34:26,332 - root - INFO - Собрана ссылка: https://otello.ru/hotel/70000001017350883?checkin=2025-03-13&checkout=2025-03-14&adults=2
2025-03-05 12:34:26,346 - root - INFO - Собрана ссылка: https://otello.ru/hotel/70000001032976611?checkin=2025-03-13&checkout=2025-03-14&adults=2
2025-03-05 12:34:26,359 - root - INFO - Собрана ссылка: https://otello.ru/hotel/70000001080855760?checkin=2025-03-13&checkout=2025-03-14&adults=2
2025-03-05 12:34:26,374 - root - INFO - Собрана ссылка: https://otello.ru/hotel/70000001006306019?checkin=2025-03-13&checkout=2025-03-14&adults=2
2025-03-05 12:34:26,388 - root - INFO - Собрана ссылка: https://otello.ru/hotel/70000001019412455?checkin=2025-03-13&checkout=2025-03-14&adults=2
2025-03-05 12:34:50,201 - root - INFO - Собрана ссылка: https://otello.ru/hotel/70000001047401838?checkin=2025-03-13&checkout=2025-03-14&adults=2
2025-03-05 12:34:50,210 - root - INFO - Собрана ссылка: https://otello.ru/hotel/70000001047821761?checkin=2025-03-13&checkout=2025-03-14&adults=2
2025-03-05 12:34:50,225 - root - INFO - Собрана ссылка: https://otello.ru/hotel/70000001020877776?checkin=2025-03-13&checkout=2025-03-14&adults=2
2025-03-05 12:34:50,239 - root - INFO - Собрана ссылка: https://otello.ru/hotel/70000001079615757?checkin=2025-03-13&checkout=2025-03-14&adults=2
2025-03-05 12:34:50,251 - root - INFO - Собрана ссылка: https://otello.ru/hotel/70000001093524085?checkin=2025-03-13&checkout=2025-03-14&adults=2
2025-03-05 12:34:50,261 - root - INFO - Собрана ссылка: https://otello.ru/hotel/70358702215781896?checkin=2025-03-13&checkout=2025-03-14&adults=2
2025-03-05 12:34:50,275 - root - INFO - Собрана ссылка: https://otello.ru/hotel/70000001047030747?checkin=2025-03-13&checkout=2025-03-14&adults=2
2025-03-05 12:34:50,287 - root - INFO - Собрана ссылка: https://otello.ru/hotel/70000001064904178?checkin=2025-03-13&checkout=2025-03-14&adults=2
2025-03-05 12:34:50,297 - root - INFO - Собрана ссылка: https://otello.ru/hotel/70000001025379309?checkin=2025-03-13&checkout=2025-03-14&adults=2
2025-03-05 12:34:50,310 - root - INFO - Собрана ссылка: https://otello.ru/hotel/70000001025797599?checkin=2025-03-13&checkout=2025-03-14&adults=2
2025-03-05 12:35:14,949 - root - INFO - Собрана ссылка: https://otello.ru/hotel/70358702217871077?checkin=2025-03-13&checkout=2025-03-14&adults=2
2025-03-05 12:35:14,959 - root - INFO - Собрана ссылка: https://otello.ru/hotel/70000001046737997?checkin=2025-03-13&checkout=2025-03-14&adults=2
2025-03-05 12:35:14,972 - root - INFO - Собрана ссылка: https://otello.ru/hotel/70000001031324907?checkin=2025-03-13&checkout=2025-03-14&adults=2
2025-03-05 12:35:14,986 - root - INFO - Собрана ссылка: https://otello.ru/hotel/4504127915385532?checkin=2025-03-13&checkout=2025-03-14&adults=2
2025-03-05 12:35:14,999 - root - INFO - Собрана ссылка: https://otello.ru/hotel/70000001034434171?checkin=2025-03-13&checkout=2025-03-14&adults=2
2025-03-05 12:35:15,009 - root - INFO - Собрана ссылка: https://otello.ru/hotel/70000001027450582?checkin=2025-03-13&checkout=2025-03-14&adults=2
2025-03-05 12:35:15,023 - root - INFO - Собрана ссылка: https://otello.ru/hotel/70000001024108670?checkin=2025-03-13&checkout=2025-03-14&adults=2
2025-03-05 12:35:15,036 - root - INFO - Собрана ссылка: https://otello.ru/hotel/70000001019691612?checkin=2025-03-13&checkout=2025-03-14&adults=2
2025-03-05 12:35:15,049 - root - INFO - Собрана ссылка: https://otello.ru/hotel/70000001030434852?checkin=2025-03-13&checkout=2025-03-14&adults=2
2025-03-05 12:35:15,058 - root - INFO - Собрана ссылка: https://otello.ru/hotel/70000001006925561?checkin=2025-03-13&checkout=2025-03-14&adults=2
2025-03-05 12:35:51,342 - root - INFO - Собрана ссылка: https://otello.ru/hotel/4504128908397020?checkin=2025-03-13&checkout=2025-03-14&adults=2
2025-03-05 12:35:51,354 - root - INFO - Собрана ссылка: https://otello.ru/hotel/70000001037567284?checkin=2025-03-13&checkout=2025-03-14&adults=2
2025-03-05 12:35:51,370 - root - INFO - Собрана ссылка: https://otello.ru/hotel/70000001080510974?checkin=2025-03-13&checkout=2025-03-14&adults=2
2025-03-05 12:35:51,388 - root - INFO - Собрана ссылка: https://otello.ru/hotel/70000001083635986?checkin=2025-03-13&checkout=2025-03-14&adults=2
2025-03-05 12:35:51,404 - root - INFO - Собрана ссылка: https://otello.ru/hotel/70000001094360998?checkin=2025-03-13&checkout=2025-03-14&adults=2
2025-03-05 12:35:51,414 - root - INFO - Собрана ссылка: https://otello.ru/hotel/70000001057563185?checkin=2025-03-13&checkout=2025-03-14&adults=2
2025-03-05 12:35:51,428 - root - INFO - Собрана ссылка: https://otello.ru/hotel/70000001041410756?checkin=2025-03-13&checkout=2025-03-14&adults=2
2025-03-05 12:35:51,441 - root - INFO - Собрана ссылка: https://otello.ru/hotel/4504127908391694?checkin=2025-03-13&checkout=2025-03-14&adults=2
2025-03-05 12:35:51,454 - root - INFO - Собрана ссылка: https://otello.ru/hotel/70000001038815295?checkin=2025-03-13&checkout=2025-03-14&adults=2
2025-03-05 12:35:51,465 - root - INFO - Собрана ссылка: https://otello.ru/hotel/70000001020177647?checkin=2025-03-13&checkout=2025-03-14&adults=2
2025-03-05 12:35:58,285 - root - ERROR - Ошибка при сборе ссылок: Message: invalid session id: session deleted as the browser has closed the connection
from disconnected: not connected to DevTools
  (Session info: chrome=133.0.6943.98)
Stacktrace:
	GetHandleVerifier [0x00007FF70C1DC6A5+28789]
	(No symbol) [0x00007FF70C145B20]
	(No symbol) [0x00007FF70BFD8F9A]
	(No symbol) [0x00007FF70BFC4D75]
	(No symbol) [0x00007FF70BFE9784]
	(No symbol) [0x00007FF70C05F0BF]
	(No symbol) [0x00007FF70C07F0D2]
	(No symbol) [0x00007FF70C057103]
	(No symbol) [0x00007FF70C01FFC0]
	(No symbol) [0x00007FF70C021273]
	GetHandleVerifier [0x00007FF70C521AED+3458237]
	GetHandleVerifier [0x00007FF70C53829C+3550316]
	GetHandleVerifier [0x00007FF70C52DB9D+3507565]
	GetHandleVerifier [0x00007FF70C2A2C6A+841274]
	(No symbol) [0x00007FF70C1509EF]
	(No symbol) [0x00007FF70C14CB34]
	(No symbol) [0x00007FF70C14CCD6]
	(No symbol) [0x00007FF70C13C119]
	BaseThreadInitThunk [0x00007FFCF9CF7374+20]
	RtlUserThreadStart [0x00007FFCFB55CC91+33]

2025-03-05 12:35:58,286 - root - INFO - Собрано 170 ссылок на отели.
2025-03-05 12:35:58,534 - root - ERROR - Ошибка при сохранении HTML-кода: Message: invalid session id
Stacktrace:
	GetHandleVerifier [0x00007FF70C1DC6A5+28789]
	(No symbol) [0x00007FF70C145B20]
	(No symbol) [0x00007FF70BFD8DCC]
	(No symbol) [0x00007FF70C01F1CF]
	(No symbol) [0x00007FF70C0571F2]
	(No symbol) [0x00007FF70C051B89]
	(No symbol) [0x00007FF70C050C39]
	(No symbol) [0x00007FF70BFA5595]
	GetHandleVerifier [0x00007FF70C521AED+3458237]
	GetHandleVerifier [0x00007FF70C53829C+3550316]
	GetHandleVerifier [0x00007FF70C52DB9D+3507565]
	GetHandleVerifier [0x00007FF70C2A2C6A+841274]
	(No symbol) [0x00007FF70C1509EF]
	(No symbol) [0x00007FF70BFA41AE]
	GetHandleVerifier [0x00007FF70C5A66A8+4001912]
	BaseThreadInitThunk [0x00007FFCF9CF7374+20]
	RtlUserThreadStart [0x00007FFCFB55CC91+33]

2025-03-05 12:36:00,557 - root - INFO - Веб-драйвер закрыт
2025-03-05 12:36:23,417 - root - INFO - Открытие страницы https://otello.ru/hotels/moskva
2025-03-05 12:36:35,774 - root - INFO - Баннер закрыт.
2025-03-05 12:36:38,075 - root - INFO - Окно активировано
2025-03-05 12:36:38,076 - root - INFO - Начинаем первичный скроллинг страницы...
2025-03-05 12:37:09,276 - root - INFO - Первичный скроллинг завершен.
2025-03-05 12:37:09,514 - root - INFO - Кнопка 'Показать все' нажата.
2025-03-05 12:37:14,816 - root - INFO - Окно активировано
2025-03-05 12:37:14,816 - root - INFO - Начинаем сбор ссылок: 
2025-03-05 12:37:21,017 - root - INFO - Собрана ссылка: https://otello.ru/hotel/4504127908892620?checkin=2025-03-13&checkout=2025-03-14&adults=2
2025-03-05 12:37:21,032 - root - INFO - Собрана ссылка: https://otello.ru/hotel/70000001006921536?checkin=2025-03-13&checkout=2025-03-14&adults=2
2025-03-05 12:37:21,044 - root - INFO - Собрана ссылка: https://otello.ru/hotel/4504127908391078?checkin=2025-03-13&checkout=2025-03-14&adults=2
2025-03-05 12:37:21,053 - root - INFO - Собрана ссылка: https://otello.ru/hotel/4504127908369718?checkin=2025-03-13&checkout=2025-03-14&adults=2
2025-03-05 12:37:21,066 - root - INFO - Собрана ссылка: https://otello.ru/hotel/70000001088806149?checkin=2025-03-13&checkout=2025-03-14&adults=2
2025-03-05 12:37:21,078 - root - INFO - Собрана ссылка: https://otello.ru/hotel/70000001026839767?checkin=2025-03-13&checkout=2025-03-14&adults=2
2025-03-05 12:37:21,087 - root - INFO - Собрана ссылка: https://otello.ru/hotel/4504127908670321?checkin=2025-03-13&checkout=2025-03-14&adults=2
2025-03-05 12:37:21,099 - root - INFO - Собрана ссылка: https://otello.ru/hotel/70000001030429842?checkin=2025-03-13&checkout=2025-03-14&adults=2
2025-03-05 12:37:21,111 - root - INFO - Собрана ссылка: https://otello.ru/hotel/4504127908370074?checkin=2025-03-13&checkout=2025-03-14&adults=2
2025-03-05 12:37:21,120 - root - INFO - Собрана ссылка: https://otello.ru/hotel/4504127908381626?checkin=2025-03-13&checkout=2025-03-14&adults=2
2025-03-05 12:37:34,334 - root - INFO - Собрана ссылка: https://otello.ru/hotel/70000001050202311?checkin=2025-03-13&checkout=2025-03-14&adults=2
2025-03-05 12:37:34,343 - root - INFO - Собрана ссылка: https://otello.ru/hotel/4504127908370115?checkin=2025-03-13&checkout=2025-03-14&adults=2
2025-03-05 12:37:34,357 - root - INFO - Собрана ссылка: https://otello.ru/hotel/70000001031674883?checkin=2025-03-13&checkout=2025-03-14&adults=2
2025-03-05 12:37:34,368 - root - INFO - Собрана ссылка: https://otello.ru/hotel/70000001035613298?checkin=2025-03-13&checkout=2025-03-14&adults=2
2025-03-05 12:37:34,378 - root - INFO - Собрана ссылка: https://otello.ru/hotel/70000001083276294?checkin=2025-03-13&checkout=2025-03-14&adults=2
2025-03-05 12:37:34,389 - root - INFO - Собрана ссылка: https://otello.ru/hotel/70000001092883057?checkin=2025-03-13&checkout=2025-03-14&adults=2
2025-03-05 12:37:34,402 - root - INFO - Собрана ссылка: https://otello.ru/hotel/4504127908386113?checkin=2025-03-13&checkout=2025-03-14&adults=2
2025-03-05 12:37:34,411 - root - INFO - Собрана ссылка: https://otello.ru/hotel/4504127908366865?checkin=2025-03-13&checkout=2025-03-14&adults=2
2025-03-05 12:37:34,424 - root - INFO - Собрана ссылка: https://otello.ru/hotel/4504127916068936?checkin=2025-03-13&checkout=2025-03-14&adults=2
2025-03-05 12:37:34,434 - root - INFO - Собрана ссылка: https://otello.ru/hotel/4504127908384638?checkin=2025-03-13&checkout=2025-03-14&adults=2
2025-03-05 12:37:48,404 - root - INFO - Собрана ссылка: https://otello.ru/hotel/70000001043760065?checkin=2025-03-13&checkout=2025-03-14&adults=2
2025-03-05 12:37:48,414 - root - INFO - Собрана ссылка: https://otello.ru/hotel/4504127908349047?checkin=2025-03-13&checkout=2025-03-14&adults=2
2025-03-05 12:37:48,427 - root - INFO - Собрана ссылка: https://otello.ru/hotel/4504127908825059?checkin=2025-03-13&checkout=2025-03-14&adults=2
2025-03-05 12:37:48,440 - root - INFO - Собрана ссылка: https://otello.ru/hotel/4504127908393745?checkin=2025-03-13&checkout=2025-03-14&adults=2
2025-03-05 12:37:48,451 - root - INFO - Собрана ссылка: https://otello.ru/hotel/4504128908954403?checkin=2025-03-13&checkout=2025-03-14&adults=2
2025-03-05 12:37:48,461 - root - INFO - Собрана ссылка: https://otello.ru/hotel/4504127908367336?checkin=2025-03-13&checkout=2025-03-14&adults=2
2025-03-05 12:37:48,473 - root - INFO - Собрана ссылка: https://otello.ru/hotel/70000001029699866?checkin=2025-03-13&checkout=2025-03-14&adults=2
2025-03-05 12:37:48,483 - root - INFO - Собрана ссылка: https://otello.ru/hotel/70000001035496190?checkin=2025-03-13&checkout=2025-03-14&adults=2
2025-03-05 12:37:48,495 - root - INFO - Собрана ссылка: https://otello.ru/hotel/70000001046692395?checkin=2025-03-13&checkout=2025-03-14&adults=2
2025-03-05 12:37:48,506 - root - INFO - Собрана ссылка: https://otello.ru/hotel/70000001032491025?checkin=2025-03-13&checkout=2025-03-14&adults=2
2025-03-05 12:38:03,150 - root - INFO - Собрана ссылка: https://otello.ru/hotel/70000001028361769?checkin=2025-03-13&checkout=2025-03-14&adults=2
2025-03-05 12:38:03,160 - root - INFO - Собрана ссылка: https://otello.ru/hotel/4504127908367342?checkin=2025-03-13&checkout=2025-03-14&adults=2
2025-03-05 12:38:03,168 - root - INFO - Собрана ссылка: https://otello.ru/hotel/70000001045795034?checkin=2025-03-13&checkout=2025-03-14&adults=2
2025-03-05 12:38:03,180 - root - INFO - Собрана ссылка: https://otello.ru/hotel/70000001057729636?checkin=2025-03-13&checkout=2025-03-14&adults=2
2025-03-05 12:38:03,188 - root - INFO - Собрана ссылка: https://otello.ru/hotel/4504127908366838?checkin=2025-03-13&checkout=2025-03-14&adults=2
2025-03-05 12:38:03,198 - root - INFO - Собрана ссылка: https://otello.ru/hotel/4504127908393848?checkin=2025-03-13&checkout=2025-03-14&adults=2
2025-03-05 12:38:03,207 - root - INFO - Собрана ссылка: https://otello.ru/hotel/70000001019177776?checkin=2025-03-13&checkout=2025-03-14&adults=2
2025-03-05 12:38:03,215 - root - INFO - Собрана ссылка: https://otello.ru/hotel/4504127908372429?checkin=2025-03-13&checkout=2025-03-14&adults=2
2025-03-05 12:38:03,225 - root - INFO - Собрана ссылка: https://otello.ru/hotel/70000001019724543?checkin=2025-03-13&checkout=2025-03-14&adults=2
2025-03-05 12:38:03,232 - root - INFO - Собрана ссылка: https://otello.ru/hotel/70000001030048533?checkin=2025-03-13&checkout=2025-03-14&adults=2
2025-03-05 12:38:18,522 - root - INFO - Собрана ссылка: https://otello.ru/hotel/4504127918263819?checkin=2025-03-13&checkout=2025-03-14&adults=2
2025-03-05 12:38:18,536 - root - INFO - Собрана ссылка: https://otello.ru/hotel/70000001048033562?checkin=2025-03-13&checkout=2025-03-14&adults=2
2025-03-05 12:38:18,548 - root - INFO - Собрана ссылка: https://otello.ru/hotel/70000001084444717?checkin=2025-03-13&checkout=2025-03-14&adults=2
2025-03-05 12:38:18,558 - root - INFO - Собрана ссылка: https://otello.ru/hotel/70000001063005680?checkin=2025-03-13&checkout=2025-03-14&adults=2
2025-03-05 12:38:18,570 - root - INFO - Собрана ссылка: https://otello.ru/hotel/70000001054967728?checkin=2025-03-13&checkout=2025-03-14&adults=2
2025-03-05 12:38:18,583 - root - INFO - Собрана ссылка: https://otello.ru/hotel/70000001043985143?checkin=2025-03-13&checkout=2025-03-14&adults=2
2025-03-05 12:38:18,593 - root - INFO - Собрана ссылка: https://otello.ru/hotel/70000001033435399?checkin=2025-03-13&checkout=2025-03-14&adults=2
2025-03-05 12:38:18,604 - root - INFO - Собрана ссылка: https://otello.ru/hotel/70000001027618961?checkin=2025-03-13&checkout=2025-03-14&adults=2
2025-03-05 12:38:18,615 - root - INFO - Собрана ссылка: https://otello.ru/hotel/4504127908369959?checkin=2025-03-13&checkout=2025-03-14&adults=2
2025-03-05 12:38:18,625 - root - INFO - Собрана ссылка: https://otello.ru/hotel/70000001071528529?checkin=2025-03-13&checkout=2025-03-14&adults=2
2025-03-05 12:38:34,619 - root - INFO - Собрана ссылка: https://otello.ru/hotel/70000001029175313?checkin=2025-03-13&checkout=2025-03-14&adults=2
2025-03-05 12:38:34,628 - root - INFO - Собрана ссылка: https://otello.ru/hotel/70000001035141613?checkin=2025-03-13&checkout=2025-03-14&adults=2
2025-03-05 12:38:34,640 - root - INFO - Собрана ссылка: https://otello.ru/hotel/4504127908388639?checkin=2025-03-13&checkout=2025-03-14&adults=2
2025-03-05 12:38:34,653 - root - INFO - Собрана ссылка: https://otello.ru/hotel/70000001030585700?checkin=2025-03-13&checkout=2025-03-14&adults=2
2025-03-05 12:38:34,664 - root - INFO - Собрана ссылка: https://otello.ru/hotel/70000001018578039?checkin=2025-03-13&checkout=2025-03-14&adults=2
2025-03-05 12:38:34,675 - root - INFO - Собрана ссылка: https://otello.ru/hotel/70000001023086398?checkin=2025-03-13&checkout=2025-03-14&adults=2
2025-03-05 12:38:34,686 - root - INFO - Собрана ссылка: https://otello.ru/hotel/70000001033176784?checkin=2025-03-13&checkout=2025-03-14&adults=2
2025-03-05 12:38:34,695 - root - INFO - Собрана ссылка: https://otello.ru/hotel/4504127919312146?checkin=2025-03-13&checkout=2025-03-14&adults=2
2025-03-05 12:38:34,709 - root - INFO - Собрана ссылка: https://otello.ru/hotel/70000001007305586?checkin=2025-03-13&checkout=2025-03-14&adults=2
2025-03-05 12:38:34,723 - root - INFO - Собрана ссылка: https://otello.ru/hotel/4504127918679426?checkin=2025-03-13&checkout=2025-03-14&adults=2
2025-03-05 12:38:51,361 - root - INFO - Собрана ссылка: https://otello.ru/hotel/4504128908695613?checkin=2025-03-13&checkout=2025-03-14&adults=2
2025-03-05 12:38:51,373 - root - INFO - Собрана ссылка: https://otello.ru/hotel/70000001030263634?checkin=2025-03-13&checkout=2025-03-14&adults=2
2025-03-05 12:38:51,382 - root - INFO - Собрана ссылка: https://otello.ru/hotel/70000001034762344?checkin=2025-03-13&checkout=2025-03-14&adults=2
2025-03-05 12:38:51,393 - root - INFO - Собрана ссылка: https://otello.ru/hotel/70000001050297308?checkin=2025-03-13&checkout=2025-03-14&adults=2
2025-03-05 12:38:51,403 - root - INFO - Собрана ссылка: https://otello.ru/hotel/70000001054601952?checkin=2025-03-13&checkout=2025-03-14&adults=2
2025-03-05 12:38:51,412 - root - INFO - Собрана ссылка: https://otello.ru/hotel/70000001064255832?checkin=2025-03-13&checkout=2025-03-14&adults=2
2025-03-05 12:38:51,422 - root - INFO - Собрана ссылка: https://otello.ru/hotel/70000001081182600?checkin=2025-03-13&checkout=2025-03-14&adults=2
2025-03-05 12:38:51,431 - root - INFO - Собрана ссылка: https://otello.ru/hotel/4504127908372796?checkin=2025-03-13&checkout=2025-03-14&adults=2
2025-03-05 12:38:51,443 - root - INFO - Собрана ссылка: https://otello.ru/hotel/70000001079192807?checkin=2025-03-13&checkout=2025-03-14&adults=2
2025-03-05 12:38:51,455 - root - INFO - Собрана ссылка: https://otello.ru/hotel/4504127915389672?checkin=2025-03-13&checkout=2025-03-14&adults=2
2025-03-05 12:39:09,044 - root - INFO - Собрана ссылка: https://otello.ru/hotel/4504128908479201?checkin=2025-03-13&checkout=2025-03-14&adults=2
2025-03-05 12:39:09,058 - root - INFO - Собрана ссылка: https://otello.ru/hotel/70000001063475059?checkin=2025-03-13&checkout=2025-03-14&adults=2
2025-03-05 12:39:09,073 - root - INFO - Собрана ссылка: https://otello.ru/hotel/70000001061554544?checkin=2025-03-13&checkout=2025-03-14&adults=2
2025-03-05 12:39:09,083 - root - INFO - Собрана ссылка: https://otello.ru/hotel/70000001090349692?checkin=2025-03-13&checkout=2025-03-14&adults=2
2025-03-05 12:39:09,097 - root - INFO - Собрана ссылка: https://otello.ru/hotel/70000001037011337?checkin=2025-03-13&checkout=2025-03-14&adults=2
2025-03-05 12:39:09,110 - root - INFO - Собрана ссылка: https://otello.ru/hotel/70000001067802306?checkin=2025-03-13&checkout=2025-03-14&adults=2
2025-03-05 12:39:09,122 - root - INFO - Собрана ссылка: https://otello.ru/hotel/4504127908670154?checkin=2025-03-13&checkout=2025-03-14&adults=2
2025-03-05 12:39:09,132 - root - INFO - Собрана ссылка: https://otello.ru/hotel/70000001086779505?checkin=2025-03-13&checkout=2025-03-14&adults=2
2025-03-05 12:39:09,145 - root - INFO - Собрана ссылка: https://otello.ru/hotel/70000001019412637?checkin=2025-03-13&checkout=2025-03-14&adults=2
2025-03-05 12:39:09,161 - root - INFO - Собрана ссылка: https://otello.ru/hotel/70000001019412897?checkin=2025-03-13&checkout=2025-03-14&adults=2
2025-03-05 12:39:27,576 - root - INFO - Собрана ссылка: https://otello.ru/hotel/70000001064993048?checkin=2025-03-13&checkout=2025-03-14&adults=2
2025-03-05 12:39:27,587 - root - INFO - Собрана ссылка: https://otello.ru/hotel/70000001064206823?checkin=2025-03-13&checkout=2025-03-14&adults=2
2025-03-05 12:39:27,599 - root - INFO - Собрана ссылка: https://otello.ru/hotel/70000001043757824?checkin=2025-03-13&checkout=2025-03-14&adults=2
2025-03-05 12:39:27,613 - root - INFO - Собрана ссылка: https://otello.ru/hotel/70000001060530251?checkin=2025-03-13&checkout=2025-03-14&adults=2
2025-03-05 12:39:27,625 - root - INFO - Собрана ссылка: https://otello.ru/hotel/70000001094530342?checkin=2025-03-13&checkout=2025-03-14&adults=2
2025-03-05 12:39:27,635 - root - INFO - Собрана ссылка: https://otello.ru/hotel/70000001039096919?checkin=2025-03-13&checkout=2025-03-14&adults=2
2025-03-05 12:39:27,648 - root - INFO - Собрана ссылка: https://otello.ru/hotel/70000001074896494?checkin=2025-03-13&checkout=2025-03-14&adults=2
2025-03-05 12:39:27,659 - root - INFO - Собрана ссылка: https://otello.ru/hotel/4504127909206368?checkin=2025-03-13&checkout=2025-03-14&adults=2
2025-03-05 12:39:27,669 - root - INFO - Собрана ссылка: https://otello.ru/hotel/70000001082456144?checkin=2025-03-13&checkout=2025-03-14&adults=2
2025-03-05 12:39:27,680 - root - INFO - Собрана ссылка: https://otello.ru/hotel/70000001022944548?checkin=2025-03-13&checkout=2025-03-14&adults=2
2025-03-05 12:39:46,592 - root - INFO - Собрана ссылка: https://otello.ru/hotel/70000001075949237?checkin=2025-03-13&checkout=2025-03-14&adults=2
2025-03-05 12:39:46,601 - root - INFO - Собрана ссылка: https://otello.ru/hotel/70000001033892721?checkin=2025-03-13&checkout=2025-03-14&adults=2
2025-03-05 12:39:46,614 - root - INFO - Собрана ссылка: https://otello.ru/hotel/70000001069934190?checkin=2025-03-13&checkout=2025-03-14&adults=2
2025-03-05 12:39:46,627 - root - INFO - Собрана ссылка: https://otello.ru/hotel/70000001035616250?checkin=2025-03-13&checkout=2025-03-14&adults=2
2025-03-05 12:39:46,635 - root - INFO - Собрана ссылка: https://otello.ru/hotel/4504127908391137?checkin=2025-03-13&checkout=2025-03-14&adults=2
2025-03-05 12:39:46,650 - root - INFO - Собрана ссылка: https://otello.ru/hotel/4504127908367059?checkin=2025-03-13&checkout=2025-03-14&adults=2
2025-03-05 12:39:46,663 - root - INFO - Собрана ссылка: https://otello.ru/hotel/4504127909068998?checkin=2025-03-13&checkout=2025-03-14&adults=2
2025-03-05 12:39:46,677 - root - INFO - Собрана ссылка: https://otello.ru/hotel/70000001044588511?checkin=2025-03-13&checkout=2025-03-14&adults=2
2025-03-05 12:39:46,688 - root - INFO - Собрана ссылка: https://otello.ru/hotel/70000001049569586?checkin=2025-03-13&checkout=2025-03-14&adults=2
2025-03-05 12:39:46,700 - root - INFO - Собрана ссылка: https://otello.ru/hotel/4504127908373187?checkin=2025-03-13&checkout=2025-03-14&adults=2
2025-03-05 12:40:06,376 - root - INFO - Собрана ссылка: https://otello.ru/hotel/70000001087486763?checkin=2025-03-13&checkout=2025-03-14&adults=2
2025-03-05 12:40:06,384 - root - INFO - Собрана ссылка: https://otello.ru/hotel/70000001048620890?checkin=2025-03-13&checkout=2025-03-14&adults=2
2025-03-05 12:40:06,398 - root - INFO - Собрана ссылка: https://otello.ru/hotel/4504128908734797?checkin=2025-03-13&checkout=2025-03-14&adults=2
2025-03-05 12:40:06,410 - root - INFO - Собрана ссылка: https://otello.ru/hotel/4504128908463200?checkin=2025-03-13&checkout=2025-03-14&adults=2
2025-03-05 12:40:06,418 - root - INFO - Собрана ссылка: https://otello.ru/hotel/70000001082062730?checkin=2025-03-13&checkout=2025-03-14&adults=2
2025-03-05 12:40:06,430 - root - INFO - Собрана ссылка: https://otello.ru/hotel/70000001081068078?checkin=2025-03-13&checkout=2025-03-14&adults=2
2025-03-05 12:40:06,443 - root - INFO - Собрана ссылка: https://otello.ru/hotel/4504127908381434?checkin=2025-03-13&checkout=2025-03-14&adults=2
2025-03-05 12:40:06,452 - root - INFO - Собрана ссылка: https://otello.ru/hotel/70000001024604387?checkin=2025-03-13&checkout=2025-03-14&adults=2
2025-03-05 12:40:06,467 - root - INFO - Собрана ссылка: https://otello.ru/hotel/4504127911286820?checkin=2025-03-13&checkout=2025-03-14&adults=2
2025-03-05 12:40:06,479 - root - INFO - Собрана ссылка: https://otello.ru/hotel/4504127908892809?checkin=2025-03-13&checkout=2025-03-14&adults=2
2025-03-05 12:40:26,893 - root - INFO - Собрана ссылка: https://otello.ru/hotel/70000001060623406?checkin=2025-03-13&checkout=2025-03-14&adults=2
2025-03-05 12:40:26,902 - root - INFO - Собрана ссылка: https://otello.ru/hotel/70000001006177562?checkin=2025-03-13&checkout=2025-03-14&adults=2
2025-03-05 12:40:26,916 - root - INFO - Собрана ссылка: https://otello.ru/hotel/70000001066325436?checkin=2025-03-13&checkout=2025-03-14&adults=2
2025-03-05 12:40:26,926 - root - INFO - Собрана ссылка: https://otello.ru/hotel/70000001065959386?checkin=2025-03-13&checkout=2025-03-14&adults=2
2025-03-05 12:40:26,935 - root - INFO - Собрана ссылка: https://otello.ru/hotel/70000001031751192?checkin=2025-03-13&checkout=2025-03-14&adults=2
2025-03-05 12:40:26,950 - root - INFO - Собрана ссылка: https://otello.ru/hotel/4504127908496432?checkin=2025-03-13&checkout=2025-03-14&adults=2
2025-03-05 12:40:26,962 - root - INFO - Собрана ссылка: https://otello.ru/hotel/70000001006924847?checkin=2025-03-13&checkout=2025-03-14&adults=2
2025-03-05 12:40:26,974 - root - INFO - Собрана ссылка: https://otello.ru/hotel/70000001088904496?checkin=2025-03-13&checkout=2025-03-14&adults=2
2025-03-05 12:40:26,983 - root - INFO - Собрана ссылка: https://otello.ru/hotel/70000001082624736?checkin=2025-03-13&checkout=2025-03-14&adults=2
2025-03-05 12:40:26,996 - root - INFO - Собрана ссылка: https://otello.ru/hotel/4504127908389320?checkin=2025-03-13&checkout=2025-03-14&adults=2
2025-03-05 12:40:48,361 - root - INFO - Собрана ссылка: https://otello.ru/hotel/4504127908376640?checkin=2025-03-13&checkout=2025-03-14&adults=2
2025-03-05 12:40:48,373 - root - INFO - Собрана ссылка: https://otello.ru/hotel/4504127911179848?checkin=2025-03-13&checkout=2025-03-14&adults=2
2025-03-05 12:40:48,382 - root - INFO - Собрана ссылка: https://otello.ru/hotel/70000001044921597?checkin=2025-03-13&checkout=2025-03-14&adults=2
2025-03-05 12:40:48,397 - root - INFO - Собрана ссылка: https://otello.ru/hotel/70000001032290240?checkin=2025-03-13&checkout=2025-03-14&adults=2
2025-03-05 12:40:48,409 - root - INFO - Собрана ссылка: https://otello.ru/hotel/70000001021834036?checkin=2025-03-13&checkout=2025-03-14&adults=2
2025-03-05 12:40:48,417 - root - INFO - Собрана ссылка: https://otello.ru/hotel/4504127908404497?checkin=2025-03-13&checkout=2025-03-14&adults=2
2025-03-05 12:40:48,429 - root - INFO - Собрана ссылка: https://otello.ru/hotel/4504127908892843?checkin=2025-03-13&checkout=2025-03-14&adults=2
2025-03-05 12:40:48,444 - root - INFO - Собрана ссылка: https://otello.ru/hotel/4504127919733115?checkin=2025-03-13&checkout=2025-03-14&adults=2
2025-03-05 12:40:48,458 - root - INFO - Собрана ссылка: https://otello.ru/hotel/70000001038014352?checkin=2025-03-13&checkout=2025-03-14&adults=2
2025-03-05 12:40:48,467 - root - INFO - Собрана ссылка: https://otello.ru/hotel/4504127913063911?checkin=2025-03-13&checkout=2025-03-14&adults=2
2025-03-05 12:41:10,413 - root - INFO - Собрана ссылка: https://otello.ru/hotel/70000001083427166?checkin=2025-03-13&checkout=2025-03-14&adults=2
2025-03-05 12:41:10,425 - root - INFO - Собрана ссылка: https://otello.ru/hotel/70000001019835782?checkin=2025-03-13&checkout=2025-03-14&adults=2
2025-03-05 12:41:10,435 - root - INFO - Собрана ссылка: https://otello.ru/hotel/70000001047083266?checkin=2025-03-13&checkout=2025-03-14&adults=2
2025-03-05 12:41:10,448 - root - INFO - Собрана ссылка: https://otello.ru/hotel/70000001076219930?checkin=2025-03-13&checkout=2025-03-14&adults=2
2025-03-05 12:41:10,462 - root - INFO - Собрана ссылка: https://otello.ru/hotel/70000001052082698?checkin=2025-03-13&checkout=2025-03-14&adults=2
2025-03-05 12:41:10,476 - root - INFO - Собрана ссылка: https://otello.ru/hotel/70000001017350883?checkin=2025-03-13&checkout=2025-03-14&adults=2
2025-03-05 12:41:10,490 - root - INFO - Собрана ссылка: https://otello.ru/hotel/70000001032976611?checkin=2025-03-13&checkout=2025-03-14&adults=2
2025-03-05 12:41:10,500 - root - INFO - Собрана ссылка: https://otello.ru/hotel/70000001080855760?checkin=2025-03-13&checkout=2025-03-14&adults=2
2025-03-05 12:41:10,513 - root - INFO - Собрана ссылка: https://otello.ru/hotel/70000001006306019?checkin=2025-03-13&checkout=2025-03-14&adults=2
2025-03-05 12:41:10,527 - root - INFO - Собрана ссылка: https://otello.ru/hotel/70000001019412455?checkin=2025-03-13&checkout=2025-03-14&adults=2
2025-03-05 12:41:32,981 - root - INFO - Собрана ссылка: https://otello.ru/hotel/70000001047401838?checkin=2025-03-13&checkout=2025-03-14&adults=2
2025-03-05 12:41:32,996 - root - INFO - Собрана ссылка: https://otello.ru/hotel/70000001047821761?checkin=2025-03-13&checkout=2025-03-14&adults=2
2025-03-05 12:41:33,009 - root - INFO - Собрана ссылка: https://otello.ru/hotel/70000001020877776?checkin=2025-03-13&checkout=2025-03-14&adults=2
2025-03-05 12:41:33,023 - root - INFO - Собрана ссылка: https://otello.ru/hotel/70000001079615757?checkin=2025-03-13&checkout=2025-03-14&adults=2
2025-03-05 12:41:33,032 - root - INFO - Собрана ссылка: https://otello.ru/hotel/70000001093524085?checkin=2025-03-13&checkout=2025-03-14&adults=2
2025-03-05 12:41:33,045 - root - INFO - Собрана ссылка: https://otello.ru/hotel/70358702215781896?checkin=2025-03-13&checkout=2025-03-14&adults=2
2025-03-05 12:41:33,056 - root - INFO - Собрана ссылка: https://otello.ru/hotel/70000001047030747?checkin=2025-03-13&checkout=2025-03-14&adults=2
2025-03-05 12:41:33,067 - root - INFO - Собрана ссылка: https://otello.ru/hotel/70000001064904178?checkin=2025-03-13&checkout=2025-03-14&adults=2
2025-03-05 12:41:33,078 - root - INFO - Собрана ссылка: https://otello.ru/hotel/70000001025379309?checkin=2025-03-13&checkout=2025-03-14&adults=2
2025-03-05 12:41:33,090 - root - INFO - Собрана ссылка: https://otello.ru/hotel/70000001025797599?checkin=2025-03-13&checkout=2025-03-14&adults=2
2025-03-05 12:41:56,670 - root - INFO - Собрана ссылка: https://otello.ru/hotel/70358702217871077?checkin=2025-03-13&checkout=2025-03-14&adults=2
2025-03-05 12:41:56,685 - root - INFO - Собрана ссылка: https://otello.ru/hotel/70000001046737997?checkin=2025-03-13&checkout=2025-03-14&adults=2
2025-03-05 12:41:56,696 - root - INFO - Собрана ссылка: https://otello.ru/hotel/70000001031324907?checkin=2025-03-13&checkout=2025-03-14&adults=2
2025-03-05 12:41:56,714 - root - INFO - Собрана ссылка: https://otello.ru/hotel/4504127915385532?checkin=2025-03-13&checkout=2025-03-14&adults=2
2025-03-05 12:41:56,726 - root - INFO - Собрана ссылка: https://otello.ru/hotel/70000001034434171?checkin=2025-03-13&checkout=2025-03-14&adults=2
2025-03-05 12:41:56,742 - root - INFO - Собрана ссылка: https://otello.ru/hotel/70000001027450582?checkin=2025-03-13&checkout=2025-03-14&adults=2
2025-03-05 12:41:56,754 - root - INFO - Собрана ссылка: https://otello.ru/hotel/70000001024108670?checkin=2025-03-13&checkout=2025-03-14&adults=2
2025-03-05 12:41:56,764 - root - INFO - Собрана ссылка: https://otello.ru/hotel/70000001019691612?checkin=2025-03-13&checkout=2025-03-14&adults=2
2025-03-05 12:41:56,775 - root - INFO - Собрана ссылка: https://otello.ru/hotel/70000001030434852?checkin=2025-03-13&checkout=2025-03-14&adults=2
2025-03-05 12:41:56,787 - root - INFO - Собрана ссылка: https://otello.ru/hotel/70000001006925561?checkin=2025-03-13&checkout=2025-03-14&adults=2
2025-03-05 12:42:16,954 - root - INFO - Собрано 160 ссылок на отели.
2025-03-05 12:42:17,291 - root - INFO - HTML-код сохранен
2025-03-05 12:42:19,921 - root - INFO - Веб-драйвер закрыт
