2025-03-05 11:45:30,805 - root - INFO - Отправка запроса в Hotellook с limit=10 и location_id=[12153]
2025-03-05 11:45:30,805 - root - INFO - Отправка запроса в Hotellook с limit=10 и location_id=[12153]
2025-03-05 11:45:30,938 - urllib3.connectionpool - DEBUG - Starting new HTTPS connection (1): search.hotellook.com:443
2025-03-05 11:45:30,938 - urllib3.connectionpool - DEBUG - Starting new HTTPS connection (1): search.hotellook.com:443
2025-03-05 11:45:33,153 - urllib3.connectionpool - DEBUG - https://search.hotellook.com:443 "POST /api/wl_search/result HTTP/1.1" 200 None
2025-03-05 11:45:33,153 - urllib3.connectionpool - DEBUG - https://search.hotellook.com:443 "POST /api/wl_search/result HTTP/1.1" 200 None
2025-03-05 11:45:33,191 - root - INFO - Данные по отелям загружены в hotellook_alldata_limit-10.json. Число запросов: 10
2025-03-05 11:45:33,191 - root - INFO - Данные по отелям загружены в hotellook_alldata_limit-10.json. Число запросов: 10
2025-03-05 11:45:33,381 - root - INFO - Загрузка данных из файла hotellook_alldata_limit-10.json
2025-03-05 11:45:33,381 - root - INFO - Загрузка данных из файла hotellook_alldata_limit-10.json
2025-03-05 11:45:33,463 - root - INFO - Извлечено 10 отелей из данных
2025-03-05 11:45:33,463 - root - INFO - Извлечено 10 отелей из данных
2025-03-05 11:45:33,821 - root - INFO - Отправка запроса в Hotellook по одному отелю, hotel_id=1198039
2025-03-05 11:45:33,821 - root - INFO - Отправка запроса в Hotellook по одному отелю, hotel_id=1198039
2025-03-05 11:45:33,835 - urllib3.connectionpool - DEBUG - Starting new HTTPS connection (1): search.hotellook.com:443
2025-03-05 11:45:33,835 - urllib3.connectionpool - DEBUG - Starting new HTTPS connection (1): search.hotellook.com:443
2025-03-05 11:45:34,604 - urllib3.connectionpool - DEBUG - https://search.hotellook.com:443 "POST /api/wl_search/result HTTP/1.1" 200 None
2025-03-05 11:45:34,604 - urllib3.connectionpool - DEBUG - https://search.hotellook.com:443 "POST /api/wl_search/result HTTP/1.1" 200 None
2025-03-05 11:45:53,117 - root - INFO - Отправка запроса в Hotellook по одному отелю, hotel_id=1198039
2025-03-05 11:45:53,117 - root - INFO - Отправка запроса в Hotellook по одному отелю, hotel_id=1198039
2025-03-05 11:45:53,572 - urllib3.connectionpool - DEBUG - Starting new HTTPS connection (1): search.hotellook.com:443
2025-03-05 11:45:53,572 - urllib3.connectionpool - DEBUG - Starting new HTTPS connection (1): search.hotellook.com:443
2025-03-05 11:45:54,632 - urllib3.connectionpool - DEBUG - https://search.hotellook.com:443 "POST /api/wl_search/result HTTP/1.1" 200 None
2025-03-05 11:45:54,632 - urllib3.connectionpool - DEBUG - https://search.hotellook.com:443 "POST /api/wl_search/result HTTP/1.1" 200 None
2025-03-05 11:45:54,711 - root - INFO - Данные по одному отелю загружены в hotellook_single_1198039.json.
2025-03-05 11:45:54,711 - root - INFO - Данные по одному отелю загружены в hotellook_single_1198039.json.
2025-03-05 11:45:58,103 - root - INFO - Загрузка данных из файла hotellook_single_1198039.json
2025-03-05 11:45:58,103 - root - INFO - Загрузка данных из файла hotellook_single_1198039.json
2025-03-05 11:45:58,127 - root - INFO - Извлечено 1 отелей из данных
2025-03-05 11:45:58,127 - root - INFO - Извлечено 1 отелей из данных
2025-03-05 11:46:02,062 - root - INFO - Отправка запроса в Hotellook с limit=50000 и location_id=[12153, 12196, 12193, 12099]
2025-03-05 11:46:02,062 - root - INFO - Отправка запроса в Hotellook с limit=50000 и location_id=[12153, 12196, 12193, 12099]
2025-03-05 11:46:02,074 - urllib3.connectionpool - DEBUG - Starting new HTTPS connection (1): search.hotellook.com:443
2025-03-05 11:46:02,074 - urllib3.connectionpool - DEBUG - Starting new HTTPS connection (1): search.hotellook.com:443
2025-03-05 11:46:34,319 - urllib3.connectionpool - DEBUG - https://search.hotellook.com:443 "POST /api/wl_search/result HTTP/1.1" 200 None
2025-03-05 11:46:34,319 - urllib3.connectionpool - DEBUG - https://search.hotellook.com:443 "POST /api/wl_search/result HTTP/1.1" 200 None
2025-03-05 11:47:12,415 - root - INFO - Данные по отелям загружены в hotellook_alldata_limit-50000.json. Число запросов: 50000
2025-03-05 11:47:12,415 - root - INFO - Данные по отелям загружены в hotellook_alldata_limit-50000.json. Число запросов: 50000
2025-03-05 11:47:32,962 - root - INFO - Загрузка данных из файла hotellook_alldata_limit-50000.json
2025-03-05 11:47:32,962 - root - INFO - Загрузка данных из файла hotellook_alldata_limit-50000.json
2025-03-05 11:47:43,894 - root - INFO - Извлечено 42121 отелей из данных
2025-03-05 11:47:43,894 - root - INFO - Извлечено 42121 отелей из данных